<?xml version="1.0" encoding="UTF-8"?>
<testsuite xmlns:xsi="http://www.w3.org/2001/XMLSchema-instance" xsi:noNamespaceSchemaLocation="https://maven.apache.org/surefire/maven-surefire-plugin/xsd/surefire-test-report-3.0.xsd" version="3.0" name="com.usercenter.usercenterwebjava.UserCenterWebJavaApplicationTests" time="3.189" tests="1" errors="0" skipped="0" failures="0">
  <properties>
[...]
</properties>
  <testcase name="contextLoads" classname="com.usercenter.usercenterwebjava.UserCenterWebJavaApplicationTests" time="0.198">
    <system-out><![CDATA[10:27:59.667 [main] DEBUG org.springframework.test.context.BootstrapUtils - Instantiating CacheAwareContextLoaderDelegate from class [org.springframework.test.context.cache.DefaultCacheAwareContextLoaderDelegate]
10:27:59.675 [main] DEBUG org.springframework.test.context.BootstrapUtils - Instantiating BootstrapContext using constructor [public org.springframework.test.context.support.DefaultBootstrapContext(java.lang.Class,org.springframework.test.context.CacheAwareContextLoaderDelegate)]
10:27:59.699 [main] DEBUG org.springframework.test.context.BootstrapUtils - Instantiating TestContextBootstrapper for test class [com.usercenter.usercenterwebjava.UserCenterWebJavaApplicationTests] from class [org.springframework.boot.test.context.SpringBootTestContextBootstrapper]
10:27:59.708 [main] INFO org.springframework.boot.test.context.SpringBootTestContextBootstrapper - Neither @ContextConfiguration nor @ContextHierarchy found for test class [com.usercenter.usercenterwebjava.UserCenterWebJavaApplicationTests], using SpringBootContextLoader
10:27:59.712 [main] DEBUG org.springframework.test.context.support.AbstractContextLoader - Did not detect default resource location for test class [com.usercenter.usercenterwebjava.UserCenterWebJavaApplicationTests]: class path resource [com/usercenter/usercenterwebjava/UserCenterWebJavaApplicationTests-context.xml] does not exist
10:27:59.712 [main] DEBUG org.springframework.test.context.support.AbstractContextLoader - Did not detect default resource location for test class [com.usercenter.usercenterwebjava.UserCenterWebJavaApplicationTests]: class path resource [com/usercenter/usercenterwebjava/UserCenterWebJavaApplicationTestsContext.groovy] does not exist
10:27:59.712 [main] INFO org.springframework.test.context.support.AbstractContextLoader - Could not detect default resource locations for test class [com.usercenter.usercenterwebjava.UserCenterWebJavaApplicationTests]: no resource found for suffixes {-context.xml, Context.groovy}.
10:27:59.712 [main] INFO org.springframework.test.context.support.AnnotationConfigContextLoaderUtils - Could not detect default configuration classes for test class [com.usercenter.usercenterwebjava.UserCenterWebJavaApplicationTests]: UserCenterWebJavaApplicationTests does not declare any static, non-private, non-final, nested classes annotated with @Configuration.
10:27:59.742 [main] DEBUG org.springframework.test.context.support.ActiveProfilesUtils - Could not find an 'annotation declaring class' for annotation type [org.springframework.test.context.ActiveProfiles] and class [com.usercenter.usercenterwebjava.UserCenterWebJavaApplicationTests]
10:27:59.791 [main] DEBUG org.springframework.context.annotation.ClassPathScanningCandidateComponentProvider - Identified candidate component class: file [F:\鱼皮之路\我的项目\UserCenter\UserCenterWebJAVA\target\classes\com\usercenter\usercenterwebjava\UserCenterWebJavaApplication.class]
10:27:59.792 [main] INFO org.springframework.boot.test.context.SpringBootTestContextBootstrapper - Found @SpringBootConfiguration com.usercenter.usercenterwebjava.UserCenterWebJavaApplication for test class com.usercenter.usercenterwebjava.UserCenterWebJavaApplicationTests
10:27:59.852 [main] DEBUG org.springframework.boot.test.context.SpringBootTestContextBootstrapper - @TestExecutionListeners is not present for class [com.usercenter.usercenterwebjava.UserCenterWebJavaApplicationTests]: using defaults.
10:27:59.853 [main] INFO org.springframework.boot.test.context.SpringBootTestContextBootstrapper - Loaded default TestExecutionListener class names from location [META-INF/spring.factories]: [org.springframework.boot.test.mock.mockito.MockitoTestExecutionListener, org.springframework.boot.test.mock.mockito.ResetMocksTestExecutionListener, org.springframework.boot.test.autoconfigure.restdocs.RestDocsTestExecutionListener, org.springframework.boot.test.autoconfigure.web.client.MockRestServiceServerResetTestExecutionListener, org.springframework.boot.test.autoconfigure.web.servlet.MockMvcPrintOnlyOnFailureTestExecutionListener, org.springframework.boot.test.autoconfigure.web.servlet.WebDriverTestExecutionListener, org.springframework.boot.test.autoconfigure.webservices.client.MockWebServiceServerTestExecutionListener, org.springframework.test.context.web.ServletTestExecutionListener, org.springframework.test.context.support.DirtiesContextBeforeModesTestExecutionListener, org.springframework.test.context.event.ApplicationEventsTestExecutionListener, org.springframework.test.context.support.DependencyInjectionTestExecutionListener, org.springframework.test.context.support.DirtiesContextTestExecutionListener, org.springframework.test.context.transaction.TransactionalTestExecutionListener, org.springframework.test.context.jdbc.SqlScriptsTestExecutionListener, org.springframework.test.context.event.EventPublishingTestExecutionListener]
10:27:59.871 [main] INFO org.springframework.boot.test.context.SpringBootTestContextBootstrapper - Using TestExecutionListeners: [org.springframework.test.context.web.ServletTestExecutionListener@1a5a4e19, org.springframework.test.context.support.DirtiesContextBeforeModesTestExecutionListener@7068e664, org.springframework.test.context.event.ApplicationEventsTestExecutionListener@60db1c0e, org.springframework.boot.test.mock.mockito.MockitoTestExecutionListener@3e78b6a5, org.springframework.boot.test.autoconfigure.SpringBootDependencyInjectionTestExecutionListener@769a1df5, org.springframework.test.context.support.DirtiesContextTestExecutionListener@41f69e84, org.springframework.test.context.transaction.TransactionalTestExecutionListener@7975d1d8, org.springframework.test.context.jdbc.SqlScriptsTestExecutionListener@2438dcd, org.springframework.test.context.event.EventPublishingTestExecutionListener@24105dc5, org.springframework.boot.test.mock.mockito.ResetMocksTestExecutionListener@5167f57d, org.springframework.boot.test.autoconfigure.restdocs.RestDocsTestExecutionListener@64b0598, org.springframework.boot.test.autoconfigure.web.client.MockRestServiceServerResetTestExecutionListener@18f8cd79, org.springframework.boot.test.autoconfigure.web.servlet.MockMvcPrintOnlyOnFailureTestExecutionListener@3e2055d6, org.springframework.boot.test.autoconfigure.web.servlet.WebDriverTestExecutionListener@50029372, org.springframework.boot.test.autoconfigure.webservices.client.MockWebServiceServerTestExecutionListener@e3b3b2f]
10:27:59.874 [main] DEBUG org.springframework.test.context.support.AbstractDirtiesContextTestExecutionListener - Before test class: context [DefaultTestContext@2bdd8394 testClass = UserCenterWebJavaApplicationTests, testInstance = [null], testMethod = [null], testException = [null], mergedContextConfiguration = [WebMergedContextConfiguration@5f9edf14 testClass = UserCenterWebJavaApplicationTests, locations = '{}', classes = '{class com.usercenter.usercenterwebjava.UserCenterWebJavaApplication}', contextInitializerClasses = '[]', activeProfiles = '{}', propertySourceLocations = '{}', propertySourceProperties = '{org.springframework.boot.test.context.SpringBootTestContextBootstrapper=true}', contextCustomizers = set[org.springframework.boot.test.context.filter.ExcludeFilterContextCustomizer@ba2f4ec, org.springframework.boot.test.json.DuplicateJsonObjectContextCustomizerFactory$DuplicateJsonObjectContextCustomizer@fbd1f6, org.springframework.boot.test.mock.mockito.MockitoContextCustomizer@0, org.springframework.boot.test.web.client.TestRestTemplateContextCustomizer@24313fcc, org.springframework.boot.test.autoconfigure.actuate.metrics.MetricsExportContextCustomizerFactory$DisableMetricExportContextCustomizer@55b0dcab, org.springframework.boot.test.autoconfigure.properties.PropertyMappingContextCustomizer@0, org.springframework.boot.test.autoconfigure.web.servlet.WebDriverContextCustomizerFactory$Customizer@158a8276, org.springframework.boot.test.context.SpringBootTestArgs@1, org.springframework.boot.test.context.SpringBootTestWebEnvironment@43814d18], resourceBasePath = 'src/main/webapp', contextLoader = 'org.springframework.boot.test.context.SpringBootContextLoader', parent = [null]], attributes = map['org.springframework.test.context.web.ServletTestExecutionListener.activateListener' -> true]], class annotated with @DirtiesContext [false] with mode [null].

  .   ____          _            __ _ _
 /\\ / ___'_ __ _ _(_)_ __  __ _ \ \ \ \
( ( )\___ | '_ | '_| | '_ \/ _` | \ \ \ \
 \\/  ___)| |_)| | | | | || (_| |  ) ) ) )
  '  |____| .__|_| |_|_| |_\__, | / / / /
 =========|_|==============|___/=/_/_/_/
 :: Spring Boot ::               (v2.6.13)

2025-03-06 10:28:00.136  INFO 19868 --- [           main] c.u.u.UserCenterWebJavaApplicationTests  : Starting UserCenterWebJavaApplicationTests using Java 1.8.0_162 on MYXZ-2004 with PID 19868 (started by 17929 in F:\鱼皮之路\我的项目\UserCenter\UserCenterWebJAVA)
2025-03-06 10:28:00.137  INFO 19868 --- [           main] c.u.u.UserCenterWebJavaApplicationTests  : No active profile set, falling back to 1 default profile: "default"
 _ _   |_  _ _|_. ___ _ |    _ 
| | |\/|_)(_| | |_\  |_)||_|_\ 
     /               |         
                        3.5.2 
2025-03-06 10:28:02.602  INFO 19868 --- [           main] c.u.u.UserCenterWebJavaApplicationTests  : Started UserCenterWebJavaApplicationTests in 2.7 seconds (JVM running for 3.353)
]]></system-out>
  </testcase>
</testsuite>